11-15 18:50:56 com_github_MitjaNemec_PlaceFootprints.action_place_footprints 647:Plugin executed on: 'darwin'
11-15 18:50:56 com_github_MitjaNemec_PlaceFootprints.action_place_footprints 648:Plugin executed with python version: '3.9.13 (v3.9.13:6de2ca5339, May 17 2022, 11:37:23) \n[Clang 13.0.0 (clang-1300.0.29.30)]'
11-15 18:50:56 com_github_MitjaNemec_PlaceFootprints.action_place_footprints 649:KiCad build version: 8.0.3
11-15 18:50:56 com_github_MitjaNemec_PlaceFootprints.action_place_footprints 650:Plugin version: 3.0.0
11-15 18:50:56 com_github_MitjaNemec_PlaceFootprints.action_place_footprints 651:Frame repr: <wx._core.Frame object at 0x11f65f4c0>
11-15 18:50:56 com_github_MitjaNemec_PlaceFootprints.place_footprints 121:getting a list of all footprints on board
11-15 18:50:56 com_github_MitjaNemec_PlaceFootprints.place_footprints 156:Footprint U2 on root level
11-15 18:50:56 com_github_MitjaNemec_PlaceFootprints.place_footprints 156:Footprint U1 on root level
11-15 18:50:56 com_github_MitjaNemec_PlaceFootprints.place_footprints 156:Footprint R8 on root level
11-15 18:50:56 com_github_MitjaNemec_PlaceFootprints.place_footprints 156:Footprint R7 on root level
11-15 18:50:56 com_github_MitjaNemec_PlaceFootprints.place_footprints 156:Footprint R6 on root level
11-15 18:50:56 com_github_MitjaNemec_PlaceFootprints.place_footprints 156:Footprint R5 on root level
11-15 18:50:56 com_github_MitjaNemec_PlaceFootprints.place_footprints 156:Footprint R4 on root level
11-15 18:50:56 com_github_MitjaNemec_PlaceFootprints.place_footprints 156:Footprint R3 on root level
11-15 18:50:56 com_github_MitjaNemec_PlaceFootprints.place_footprints 156:Footprint R2 on root level
11-15 18:50:56 com_github_MitjaNemec_PlaceFootprints.place_footprints 156:Footprint R1 on root level
11-15 18:50:56 com_github_MitjaNemec_PlaceFootprints.place_footprints 156:Footprint Q4 on root level
11-15 18:50:56 com_github_MitjaNemec_PlaceFootprints.place_footprints 156:Footprint Q3 on root level
11-15 18:50:56 com_github_MitjaNemec_PlaceFootprints.place_footprints 156:Footprint Q2 on root level
11-15 18:50:56 com_github_MitjaNemec_PlaceFootprints.place_footprints 156:Footprint Q1 on root level
11-15 18:50:56 com_github_MitjaNemec_PlaceFootprints.place_footprints 156:Footprint C11 on root level
11-15 18:50:56 com_github_MitjaNemec_PlaceFootprints.place_footprints 156:Footprint C10 on root level
11-15 18:50:56 com_github_MitjaNemec_PlaceFootprints.place_footprints 156:Footprint C8 on root level
11-15 18:50:56 com_github_MitjaNemec_PlaceFootprints.place_footprints 156:Footprint C7 on root level
11-15 18:50:56 com_github_MitjaNemec_PlaceFootprints.place_footprints 156:Footprint C6 on root level
11-15 18:50:56 com_github_MitjaNemec_PlaceFootprints.place_footprints 156:Footprint C5 on root level
11-15 18:50:56 com_github_MitjaNemec_PlaceFootprints.place_footprints 156:Footprint C4 on root level
11-15 18:50:56 com_github_MitjaNemec_PlaceFootprints.place_footprints 156:Footprint C3 on root level
11-15 18:50:56 com_github_MitjaNemec_PlaceFootprints.place_footprints 156:Footprint C2 on root level
11-15 18:50:56 com_github_MitjaNemec_PlaceFootprints.place_footprints 156:Footprint C1 on root level
11-15 18:50:58 com_github_MitjaNemec_PlaceFootprints.action_place_footprints 830:Reference designator is: Q
11-15 18:50:58 com_github_MitjaNemec_PlaceFootprints.action_place_footprints 831:Reference number is: 1
11-15 18:50:58 com_github_MitjaNemec_PlaceFootprints.action_place_footprints 863:Sorted and filtered list:
['Q1', 'Q2', 'Q3', 'Q4']
11-15 18:50:58 com_github_MitjaNemec_PlaceFootprints.action_place_footprints 359:wx.Colour(38, 38, 38, 255)
11-15 18:51:06 com_github_MitjaNemec_PlaceFootprints.action_place_footprints 490:'0'
11-15 18:51:06 com_github_MitjaNemec_PlaceFootprints.action_place_footprints 536:Preparing config for reference linear
11-15 18:51:06 com_github_MitjaNemec_PlaceFootprints.action_place_footprints 556:Saving config file
11-15 18:51:06 com_github_MitjaNemec_PlaceFootprints.action_place_footprints 558:Saved the config file
11-15 18:51:06 com_github_MitjaNemec_PlaceFootprints.action_place_footprints 901:Footprints to place:
['Q1', 'Q2', 'Q3', 'Q4']
11-15 18:51:06 com_github_MitjaNemec_PlaceFootprints.place_footprints 367:Starting placing with linear layout
11-15 18:51:06 com_github_MitjaNemec_PlaceFootprints.action_place_footprints 942:Placing complete
